2024-10-16 10:29:01 - INFO - Verification of Launching page title
2024-10-16 10:29:10 - INFO - Launching page title matched as expected
2024-10-16 10:29:19 - INFO - Verification of valid admin login
2024-10-16 10:29:26 - INFO - user login successfully
2024-10-16 10:29:29 - INFO - welcome text is visible as expected
2024-10-16 10:29:30 - INFO - Logout from application
2024-10-16 10:29:37 - INFO - Verification of invalid login
2024-10-16 10:29:42 - INFO - Trying to login with invalid credentials
2024-10-16 10:29:45 - INFO - Handling error Message alert
2024-10-16 13:27:58 - INFO - Verification of Launching page title
2024-10-16 13:28:06 - INFO - Launching page title matched as expected
2024-10-16 13:28:16 - INFO - Verification of valid admin login
2024-10-16 13:28:24 - INFO - user login successfully
2024-10-16 13:28:27 - INFO - welcome text is visible as expected
2024-10-16 13:28:28 - INFO - Logout from application
2024-10-16 13:28:36 - INFO - Verification of invalid login
2024-10-16 13:28:41 - INFO - Trying to login with invalid credentials
2024-10-16 13:28:44 - INFO - Handling error Message alert
2024-10-16 13:29:12 - INFO - Verification of Launching page title
2024-10-16 13:29:17 - INFO - Launching page title matched as expected
2024-10-16 13:29:27 - INFO - Verification of valid admin login
2024-10-16 13:29:35 - INFO - user login successfully
2024-10-16 13:29:38 - INFO - welcome text is visible as expected
2024-10-16 13:29:39 - INFO - Logout from application
2024-10-16 13:29:46 - INFO - Verification of invalid login
2024-10-16 13:29:50 - INFO - Trying to login with invalid credentials
2024-10-16 13:29:53 - INFO - Handling error Message alert
2024-10-16 13:30:45 - INFO - Verification of Launching page title
2024-10-16 13:30:51 - INFO - Launching page title matched as expected
2024-10-16 13:31:03 - INFO - Verification of valid admin login
2024-10-16 13:31:13 - INFO - user login successfully
2024-10-16 13:31:16 - INFO - welcome text is visible as expected
2024-10-16 13:31:16 - INFO - Logout from application
2024-10-16 13:31:29 - INFO - Verification of invalid login
2024-10-16 13:31:35 - INFO - Trying to login with invalid credentials
2024-10-16 13:31:38 - INFO - Handling error Message alert
2024-10-16 13:38:07 - INFO - Verification of valid admin login
2024-10-16 13:38:07 - INFO - Verification of Launching page title
2024-10-16 13:38:08 - INFO - Verification of invalid login
2024-10-16 13:38:16 - INFO - Launching page title matched as expected
2024-10-16 13:38:17 - INFO - Trying to login with invalid credentials
2024-10-16 13:38:19 - INFO - user login successfully
2024-10-16 13:38:20 - INFO - Handling error Message alert
2024-10-16 13:38:23 - INFO - welcome text is visible as expected
2024-10-16 13:38:23 - INFO - Logout from application
2024-10-16 13:58:39 - INFO - Verification of Launching page title
2024-10-16 13:58:48 - INFO - Launching page title matched as expected
2024-10-16 13:58:59 - INFO - Verification of valid admin login
2024-10-16 13:59:06 - INFO - user login successfully
2024-10-16 13:59:11 - INFO - welcome text is visible as expected
2024-10-16 13:59:12 - INFO - Logout from application
2024-10-16 13:59:22 - INFO - Verification of invalid login
2024-10-16 13:59:26 - INFO - Trying to login with invalid credentials
2024-10-16 13:59:29 - INFO - Handling error Message alert
2024-10-16 14:15:31 - INFO - Verification of Launching page title
2024-10-16 14:15:40 - INFO - Launching page title matched as expected
2024-10-16 14:15:52 - INFO - Verification of valid admin login
2024-10-16 14:16:00 - INFO - user login successfully
2024-10-16 14:16:03 - INFO - welcome text is visible as expected
2024-10-16 14:16:04 - INFO - Logout from application
2024-10-16 14:16:12 - INFO - Verification of invalid login
2024-10-16 14:16:16 - INFO - Trying to login with invalid credentials
2024-10-16 14:16:19 - INFO - Handling error Message alert
2024-10-16 14:17:46 - INFO - Verification of Launching page title
2024-10-16 14:17:51 - INFO - Launching page title matched as expected
2024-10-16 14:18:01 - INFO - Verification of valid admin login
2024-10-16 14:18:08 - INFO - user login successfully
2024-10-16 14:18:11 - INFO - welcome text is visible as expected
2024-10-16 14:18:12 - INFO - Logout from application
2024-10-16 14:18:21 - INFO - Verification of invalid login
2024-10-16 14:18:26 - INFO - Trying to login with invalid credentials
2024-10-16 14:18:29 - INFO - Handling error Message alert
2024-10-17 10:10:42 - INFO - Verification of mobile category
2024-10-17 10:10:50 - INFO - Selecting random product
2024-10-17 10:22:52 - INFO - Verification of mobile category
2024-10-17 10:23:00 - INFO - Selecting random product
2024-10-17 10:24:17 - INFO - Verification of mobile category
2024-10-17 10:26:01 - INFO - Verification of mobile category
2024-10-17 10:26:49 - INFO - Verification of mobile category
2024-10-17 10:26:54 - INFO - Selecting random product
2024-10-17 10:27:26 - INFO - Verification of mobile category
2024-10-17 10:27:31 - INFO - Selecting random product
2024-10-17 10:36:03 - INFO - Verification of mobile category
2024-10-17 10:36:12 - INFO - Selecting random product
2024-10-17 10:36:40 - INFO - Verification of mobile category
2024-10-17 10:36:46 - INFO - Selecting random product
2024-10-17 10:40:01 - INFO - Verification of mobile category
2024-10-17 10:40:07 - INFO - Selecting random product
2024-10-17 10:40:31 - INFO - Verification of mobile category
2024-10-17 10:40:36 - INFO - Selecting random product
2024-10-17 10:41:57 - INFO - Verification of mobile category
2024-10-17 10:42:06 - INFO - Selecting random product
2024-10-17 10:43:29 - INFO - Verification of mobile category
2024-10-17 10:43:34 - INFO - Selecting random product
2024-10-17 11:31:24 - INFO - Verification of mobile category
2024-10-17 11:31:31 - INFO - Selecting random product from mobile category
2024-10-17 11:32:32 - INFO - Verification of mobile category
2024-10-17 11:32:37 - INFO - Selecting random product from mobile category
2024-10-17 11:32:38 - INFO - add to cart
2024-10-17 11:33:35 - INFO - Verification of mobile category
2024-10-17 11:33:39 - INFO - Selecting random product from mobile category
2024-10-17 11:33:40 - INFO - add to cart
2024-10-17 11:33:46 - INFO - Handling Message alert
2024-10-17 11:34:38 - INFO - Verification of mobile category
2024-10-17 11:34:43 - INFO - Selecting random product from mobile category
2024-10-17 11:34:44 - INFO - add to cart
2024-10-17 11:34:50 - INFO - Handling Message alert
2024-10-17 11:35:57 - INFO - Verification of mobile category
2024-10-17 11:36:02 - INFO - Selecting random product from mobile category
2024-10-17 11:36:02 - INFO - add to cart
2024-10-17 11:36:09 - INFO - Handling Message alert
2024-10-17 11:36:30 - INFO - Verification of mobile category
2024-10-17 11:36:39 - INFO - Selecting random product from mobile category
2024-10-17 11:36:40 - INFO - add to cart
2024-10-17 11:36:46 - INFO - Handling Message alert
2024-10-17 11:59:42 - INFO - Verification of mobile category
2024-10-17 11:59:50 - INFO - Selecting random product from mobile category
2024-10-17 11:59:52 - INFO - add to cart
2024-10-17 11:59:58 - INFO - Handling Message alert
2024-10-17 12:07:19 - INFO - Verification of mobile category
2024-10-17 12:07:27 - INFO - Selecting random product from mobile category
2024-10-17 12:07:28 - INFO - add to cart
2024-10-17 12:07:35 - INFO - Handling Message alert
2024-10-17 12:08:47 - INFO - Verification of mobile category
2024-10-17 12:08:51 - INFO - Selecting random product from mobile category
2024-10-17 12:08:52 - INFO - add to cart
2024-10-17 12:08:58 - INFO - Handling Message alert
2024-10-17 12:12:08 - INFO - Verification of mobile category
2024-10-17 12:12:12 - INFO - Selecting random product from mobile category
2024-10-17 12:12:13 - INFO - add to cart
2024-10-17 12:12:19 - INFO - Handling Message alert
2024-10-17 12:12:53 - INFO - Verification of mobile category
2024-10-17 12:12:58 - INFO - Selecting random product from mobile category
2024-10-17 12:13:00 - INFO - add to cart
2024-10-17 12:13:06 - INFO - Handling Message alert
2024-10-17 12:36:43 - INFO - Verification of mobile category
2024-10-17 12:36:52 - INFO - Selecting random product from mobile category
2024-10-17 12:36:54 - INFO - add to cart
2024-10-17 12:37:00 - INFO - Handling Message alert
2024-10-17 12:38:09 - INFO - Verification of mobile category
2024-10-17 12:38:13 - INFO - Selecting random product from mobile category
2024-10-17 12:38:14 - INFO - add to cart
2024-10-17 12:38:20 - INFO - Handling Message alert
2024-10-17 12:48:32 - INFO - Verification of mobile category
2024-10-17 12:48:40 - INFO - Selecting random product from mobile category
2024-10-17 12:48:42 - INFO - add to cart
2024-10-17 12:48:48 - INFO - Handling Message alert
2024-10-17 13:30:40 - INFO - Verification of mobile category
2024-10-17 13:30:46 - INFO - Selecting random product from mobile category
2024-10-17 13:30:47 - INFO - add to cart
2024-10-17 13:30:53 - INFO - Handling Message alert
2024-10-17 13:31:08 - INFO - User placed order successfully
2024-10-17 13:31:17 - INFO - Verification of laptop category
2024-10-17 13:31:22 - INFO - Selecting random product from laptop category
2024-10-17 13:31:23 - INFO - add to cart
2024-10-17 13:31:29 - INFO - Handling Message alert
2024-10-17 13:31:43 - INFO - User placed order for laptop successfully
2024-10-17 13:31:52 - INFO - Verification of monitor category
2024-10-17 13:31:56 - INFO - Selecting random product from laptop category
2024-10-17 13:31:57 - INFO - add to cart
2024-10-17 13:32:03 - INFO - Handling Message alert
2024-10-17 13:32:17 - INFO - User placed order for laptop successfully
2024-10-17 13:33:12 - INFO - Verification of mobile category
2024-10-17 13:33:17 - INFO - Selecting random product from mobile category
2024-10-17 13:33:18 - INFO - add to cart
2024-10-17 13:33:24 - INFO - Handling Message alert
2024-10-17 13:33:38 - INFO - User placed order successfully
2024-10-17 13:33:47 - INFO - Verification of laptop category
2024-10-17 13:33:51 - INFO - Selecting random product from laptop category
2024-10-17 13:34:02 - INFO - add to cart
2024-10-17 13:34:08 - INFO - Handling Message alert
2024-10-17 13:34:23 - INFO - User placed order for laptop successfully
2024-10-17 13:34:32 - INFO - Verification of monitor category
2024-10-17 13:34:36 - INFO - Selecting random product from laptop category
2024-10-17 13:34:50 - INFO - add to cart
2024-10-17 13:34:56 - INFO - Handling Message alert
2024-10-17 13:35:10 - INFO - User placed order for laptop successfully
2024-10-17 13:51:15 - INFO - Verification of mobile category
2024-10-17 13:51:24 - INFO - Selecting random product from mobile category
2024-10-17 13:51:25 - INFO - add to cart
2024-10-17 13:51:31 - INFO - Handling Message alert
2024-10-17 13:51:46 - INFO - User placed order successfully
2024-10-17 13:51:56 - INFO - Verification of laptop category
2024-10-17 13:52:00 - INFO - Selecting random product from laptop category
2024-10-17 13:52:11 - INFO - add to cart
2024-10-17 13:52:18 - INFO - Handling Message alert
2024-10-17 13:52:32 - INFO - User placed order for laptop successfully
2024-10-17 13:52:41 - INFO - Verification of monitor category
2024-10-17 13:52:45 - INFO - Selecting random product from laptop category
2024-10-17 13:52:56 - INFO - add to cart
2024-10-17 13:53:03 - INFO - Handling Message alert
2024-10-17 13:53:17 - INFO - User placed order for laptop successfully
